Determining if the pthread_create exist failed with the following output:
Change Dir: /home/yellow/self-driving-cars-course/SDC_HW4/catkin_ws/build/CMakeFiles/CMakeTmp

Run Build Command:"/usr/bin/make" "cmTC_59131/fast"
/usr/bin/make -f CMakeFiles/cmTC_59131.dir/build.make CMakeFiles/cmTC_59131.dir/build
make[1]: Entering directory '/home/yellow/self-driving-cars-course/SDC_HW4/catkin_ws/build/CMakeFiles/CMakeTmp'
Building C object CMakeFiles/cmTC_59131.dir/CheckSymbolExists.c.o
/usr/bin/cc    -o CMakeFiles/cmTC_59131.dir/CheckSymbolExists.c.o   -c /home/yellow/self-driving-cars-course/SDC_HW4/catkin_ws/build/CMakeFiles/CMakeTmp/CheckSymbolExists.c
Linking C executable cmTC_59131
/usr/bin/cmake -E cmake_link_script CMakeFiles/cmTC_59131.dir/link.txt --verbose=1
/usr/bin/cc      -rdynamic CMakeFiles/cmTC_59131.dir/CheckSymbolExists.c.o  -o cmTC_59131 
CMakeFiles/cmTC_59131.dir/CheckSymbolExists.c.o: In function `main':
CheckSymbolExists.c:(.text+0x1b): undefined reference to `pthread_create'
collect2: error: ld returned 1 exit status
CMakeFiles/cmTC_59131.dir/build.make:97: recipe for target 'cmTC_59131' failed
make[1]: *** [cmTC_59131] Error 1
make[1]: Leaving directory '/home/yellow/self-driving-cars-course/SDC_HW4/catkin_ws/build/CMakeFiles/CMakeTmp'
Makefile:126: recipe for target 'cmTC_59131/fast' failed
make: *** [cmTC_59131/fast] Error 2

File /home/yellow/self-driving-cars-course/SDC_HW4/catkin_ws/build/CMakeFiles/CMakeTmp/CheckSymbolExists.c:
/* */
#include <pthread.h>

int main(int argc, char** argv)
{
  (void)argv;
#ifndef pthread_create
  return ((int*)(&pthread_create))[argc];
#else
  (void)argc;
  return 0;
#endif
}

Determining if the function pthread_create exists in the pthreads failed with the following output:
Change Dir: /home/yellow/self-driving-cars-course/SDC_HW4/catkin_ws/build/CMakeFiles/CMakeTmp

Run Build Command:"/usr/bin/make" "cmTC_ab4cd/fast"
/usr/bin/make -f CMakeFiles/cmTC_ab4cd.dir/build.make CMakeFiles/cmTC_ab4cd.dir/build
make[1]: Entering directory '/home/yellow/self-driving-cars-course/SDC_HW4/catkin_ws/build/CMakeFiles/CMakeTmp'
Building C object CMakeFiles/cmTC_ab4cd.dir/CheckFunctionExists.c.o
/usr/bin/cc   -DCHECK_FUNCTION_EXISTS=pthread_create   -o CMakeFiles/cmTC_ab4cd.dir/CheckFunctionExists.c.o   -c /usr/share/cmake-3.10/Modules/CheckFunctionExists.c
Linking C executable cmTC_ab4cd
/usr/bin/cmake -E cmake_link_script CMakeFiles/cmTC_ab4cd.dir/link.txt --verbose=1
/usr/bin/cc  -DCHECK_FUNCTION_EXISTS=pthread_create    -rdynamic CMakeFiles/cmTC_ab4cd.dir/CheckFunctionExists.c.o  -o cmTC_ab4cd -lpthreads 
/usr/bin/ld: cannot find -lpthreads
collect2: error: ld returned 1 exit status
CMakeFiles/cmTC_ab4cd.dir/build.make:97: recipe for target 'cmTC_ab4cd' failed
make[1]: *** [cmTC_ab4cd] Error 1
make[1]: Leaving directory '/home/yellow/self-driving-cars-course/SDC_HW4/catkin_ws/build/CMakeFiles/CMakeTmp'
Makefile:126: recipe for target 'cmTC_ab4cd/fast' failed
make: *** [cmTC_ab4cd/fast] Error 2


